[2025-11-15T09:16:49.575670] ============================================================
[2025-11-15T09:16:49.576091] REPO BOOK GENERATOR - STARTING
[2025-11-15T09:16:49.576264] ============================================================
[2025-11-15T09:16:49.605996] Repository: TrendRadar
[2025-11-15T09:16:49.606233] Commit: 1dce1ca5
[2025-11-15T09:16:49.606335] Starting repository scan...
[2025-11-15T09:16:49.611222] Scanned 62 files
[2025-11-15T09:16:49.611394] 
Processing files...
[2025-11-15T09:16:49.700178] Progress: 10/62 files
[2025-11-15T09:16:49.777093] Progress: 20/62 files
[2025-11-15T09:16:49.781366] Progress: 30/62 files
[2025-11-15T09:16:49.795464] Progress: 40/62 files
[2025-11-15T09:16:49.871872] Progress: 50/62 files
[2025-11-15T09:16:49.898585] Progress: 60/62 files
[2025-11-15T09:16:49.902230] Progress: 62/62 files
[2025-11-15T09:16:49.912202] 
Processing folders...
[2025-11-15T09:16:50.947382] Generating global keywords index...
[2025-11-15T09:16:50.976623] Generating global index...
[2025-11-15T09:16:50.977092] Generating comprehensive book...
[2025-11-15T09:16:50.997619] Generating verification report...
[2025-11-15T09:16:50.998079] Generating manifest...
[2025-11-15T09:16:50.998239] Computing checksums...
[2025-11-15T09:16:51.026453] 
============================================================
[2025-11-15T09:16:51.026627] GENERATION COMPLETE
[2025-11-15T09:16:51.026736] ============================================================
[2025-11-15T09:16:51.026873] Files scanned: 62
[2025-11-15T09:16:51.027028] Files processed: 49
[2025-11-15T09:16:51.027149] Docs created: 152
[2025-11-15T09:16:51.027243] Bytes written: 1,555,457
[2025-11-15T09:16:51.027359] Words estimated: 97,644
[2025-11-15T09:16:51.027473] Errors: 0
